2014-06-13 22:18:44,893 [SwingWorker-pool-4-thread-1] INFO  DataModelerAddin - Oracle SQL Developer Data Modeler 4.0.1.836
2014-06-20 17:03:34,179 [AWT-EventQueue-1] ERROR SavedSearchPersistence - Unable to save searches: 
java.io.FileNotFoundException: /Users/johngriffin/Downloads/SQLDeveloper.app/Contents/Resources/sqldeveloper/sqldeveloper/extensions/oracle.datamodeler/types/saved_search.xml (No such file or directory)
	at java.io.FileOutputStream.open(Native Method)
	at java.io.FileOutputStream.<init>(FileOutputStream.java:194)
	at java.io.FileOutputStream.<init>(FileOutputStream.java:145)
	at oracle.dbtools.crest.swingui.search.SavedSearchPersistence.saveData(SavedSearchPersistence.java:117)
	at oracle.dbtools.crest.swingui.search.SavedSearchPersistence.saveSearches(SavedSearchPersistence.java:107)
	at oracle.dbtools.crest.swingui.ApplicationView.closeApplication(ApplicationView.java:1238)
	at oracle.dbtools.crest.swingui.ApplicationView.exitApplication(ApplicationView.java:1916)
	at oracle.dbtools.crest.fcp.DataModelerAddin.canShutdown(DataModelerAddin.java:2656)
	at oracle.ide.cmd.ExitCommand.canShutdown(ExitCommand.java:252)
	at oracle.ide.cmd.ExitCommand.doit(ExitCommand.java:509)
	at oracle.ide.controller.CommandProcessor.invoke(CommandProcessor.java:377)
	at oracle.jdevimpl.merge.MergeExitCommand.doit(MergeExitCommand.java:52)
	at oracle.ide.controller.CommandProcessor.invoke(CommandProcessor.java:377)
	at oracle.ide.IdeCore.quit(IdeCore.java:835)
	at oracle.ide.Ide.quit(Ide.java:650)
	at oracle.ide.IdeController.handleEvent(IdeController.java:642)
	at oracle.ide.controller.IdeAction.performAction(IdeAction.java:663)
	at oracle.ide.controller.IdeAction.performAction(IdeAction.java:623)
	at oracle.ideimpl.apple.OSXAdapter.handleEvent(OSXAdapter.java:53)
	at oracle.ideimpl.apple.OSXAdapter.handleQuit(OSXAdapter.java:41)
	at com.apple.eawt._AppEventLegacyHandler$7.dispatchEvent(_AppEventLegacyHandler.java:146)
	at com.apple.eawt._AppEventLegacyHandler.sendEventToEachListenerUntilHandled(_AppEventLegacyHandler.java:168)
	at com.apple.eawt._AppEventLegacyHandler.handleQuitRequestWith(_AppEventLegacyHandler.java:144)
	at com.apple.eawt._AppEventHandler$_QuitDispatcher.performUsing(_AppEventHandler.java:387)
	at com.apple.eawt._AppEventHandler$_QuitDispatcher.performUsing(_AppEventHandler.java:380)
	at com.apple.eawt._AppEventHandler$_AppEventDispatcher$1.run(_AppEventHandler.java:489)
	at java.awt.event.InvocationEvent.dispatch(InvocationEvent.java:209)
	at java.awt.EventQueue.dispatchEventImpl(EventQueue.java:715)
	at java.awt.EventQueue.access$400(EventQueue.java:82)
	at java.awt.EventQueue$2.run(EventQueue.java:676)
	at java.awt.EventQueue$2.run(EventQueue.java:674)
	at java.security.AccessController.doPrivileged(Native Method)
	at java.security.AccessControlContext$1.doIntersectionPrivilege(AccessControlContext.java:86)
	at java.awt.EventQueue.dispatchEvent(EventQueue.java:685)
	at oracle.javatools.internal.ui.EventQueueWrapper._dispatchEvent(EventQueueWrapper.java:169)
	at oracle.javatools.internal.ui.EventQueueWrapper.dispatchEvent(EventQueueWrapper.java:151)
	at java.awt.EventDispatchThread.pumpOneEventForFilters(EventDispatchThread.java:296)
	at java.awt.EventDispatchThread.pumpEventsForFilter(EventDispatchThread.java:211)
	at java.awt.EventDispatchThread.pumpEventsForHierarchy(EventDispatchThread.java:201)
	at java.awt.EventDispatchThread.pumpEvents(EventDispatchThread.java:196)
	at java.awt.EventDispatchThread.pumpEvents(EventDispatchThread.java:188)
	at java.awt.EventDispatchThread.run(EventDispatchThread.java:122)
